0 info it worked if it ends with ok
1 verbose cli [ 'C:\\Users\\jose\\AppData\\Local\\.meteor\\packages\\meteor-tool\\1.4.1_3\\mt-os.windows.x86_32\\dev_bundle\\bin\\node.exe',
1 verbose cli   'C:\\Users\\jose\\AppData\\Local\\.meteor\\packages\\meteor-tool\\1.4.1_3\\mt-os.windows.x86_32\\dev_bundle\\lib\\node_modules\\npm\\bin\\npm-cli.js',
1 verbose cli   'install',
1 verbose cli   '--save',
1 verbose cli   'bcrypt' ]
2 info using npm@3.10.8
3 info using node@v4.6.1
4 silly loadCurrentTree Starting
5 silly install loadCurrentTree
6 silly install readLocalPackageData
7 silly fetchPackageMetaData bcrypt
8 silly fetchNamedPackageData bcrypt
9 silly mapToRegistry name bcrypt
10 silly mapToRegistry using default registry
11 silly mapToRegistry registry https://registry.npmjs.org/
12 silly mapToRegistry data Result {
12 silly mapToRegistry   raw: 'bcrypt',
12 silly mapToRegistry   scope: null,
12 silly mapToRegistry   escapedName: 'bcrypt',
12 silly mapToRegistry   name: 'bcrypt',
12 silly mapToRegistry   rawSpec: '',
12 silly mapToRegistry   spec: 'latest',
12 silly mapToRegistry   type: 'tag' }
13 silly mapToRegistry uri https://registry.npmjs.org/bcrypt
14 verbose request uri https://registry.npmjs.org/bcrypt
15 verbose request no auth needed
16 info attempt registry request try #1 at 4:53:24 PM
17 verbose request id aeee26d19882a852
18 http request GET https://registry.npmjs.org/bcrypt
19 http 200 https://registry.npmjs.org/bcrypt
20 verbose headers { server: 'CouchDB/1.6.1 (Erlang OTP/R16B03)',
20 verbose headers   etag: '"C732ZMNYAG6GBU1DOLULG793M"',
20 verbose headers   'content-type': 'application/json',
20 verbose headers   'content-encoding': 'gzip',
20 verbose headers   'cache-control': 'max-age=300',
20 verbose headers   'content-length': '11923',
20 verbose headers   'accept-ranges': 'bytes',
20 verbose headers   date: 'Sun, 23 Oct 2016 21:53:26 GMT',
20 verbose headers   via: '1.1 varnish',
20 verbose headers   age: '199',
20 verbose headers   connection: 'keep-alive',
20 verbose headers   'x-served-by': 'cache-dfw1823-DFW',
20 verbose headers   'x-cache': 'HIT',
20 verbose headers   'x-cache-hits': '1',
20 verbose headers   'x-timer': 'S1477259606.901277,VS0,VE0',
20 verbose headers   vary: 'Accept-Encoding' }
21 silly get cb [ 200,
21 silly get   { server: 'CouchDB/1.6.1 (Erlang OTP/R16B03)',
21 silly get     etag: '"C732ZMNYAG6GBU1DOLULG793M"',
21 silly get     'content-type': 'application/json',
21 silly get     'content-encoding': 'gzip',
21 silly get     'cache-control': 'max-age=300',
21 silly get     'content-length': '11923',
21 silly get     'accept-ranges': 'bytes',
21 silly get     date: 'Sun, 23 Oct 2016 21:53:26 GMT',
21 silly get     via: '1.1 varnish',
21 silly get     age: '199',
21 silly get     connection: 'keep-alive',
21 silly get     'x-served-by': 'cache-dfw1823-DFW',
21 silly get     'x-cache': 'HIT',
21 silly get     'x-cache-hits': '1',
21 silly get     'x-timer': 'S1477259606.901277,VS0,VE0',
21 silly get     vary: 'Accept-Encoding' } ]
22 verbose get saving bcrypt to C:\Users\jose\AppData\Roaming\npm-cache\registry.npmjs.org\bcrypt\.cache.json
23 verbose correctMkdir C:\Users\jose\AppData\Roaming\npm-cache correctMkdir not in flight; initializing
24 verbose makeDirectory C:\Users\jose\AppData\Roaming\npm-cache creation not in flight; initializing
25 verbose makeCacheDir UID & GID are irrelevant on win32
26 silly install normalizeTree
27 silly loadCurrentTree Finishing
28 silly loadIdealTree Starting
29 silly install loadIdealTree
30 silly cloneCurrentTree Starting
31 silly install cloneCurrentTreeToIdealTree
32 silly cloneCurrentTree Finishing
33 silly loadShrinkwrap Starting
34 silly install loadShrinkwrap
35 silly loadShrinkwrap Finishing
36 silly loadAllDepsIntoIdealTree Starting
37 silly install loadAllDepsIntoIdealTree
38 silly resolveWithNewModule bcrypt@0.8.7 checking installable status
39 silly cache add args [ 'bcrypt', null ]
40 verbose cache add spec bcrypt
41 silly cache add parsed spec Result {
41 silly cache add   raw: 'bcrypt',
41 silly cache add   scope: null,
41 silly cache add   escapedName: 'bcrypt',
41 silly cache add   name: 'bcrypt',
41 silly cache add   rawSpec: '',
41 silly cache add   spec: 'latest',
41 silly cache add   type: 'tag' }
42 silly addNamed bcrypt@latest
43 verbose addNamed "latest" is being treated as a dist-tag for bcrypt
44 info addNameTag [ 'bcrypt', 'latest' ]
45 silly mapToRegistry name bcrypt
46 silly mapToRegistry using default registry
47 silly mapToRegistry registry https://registry.npmjs.org/
48 silly mapToRegistry data Result {
48 silly mapToRegistry   raw: 'bcrypt',
48 silly mapToRegistry   scope: null,
48 silly mapToRegistry   escapedName: 'bcrypt',
48 silly mapToRegistry   name: 'bcrypt',
48 silly mapToRegistry   rawSpec: '',
48 silly mapToRegistry   spec: 'latest',
48 silly mapToRegistry   type: 'tag' }
49 silly mapToRegistry uri https://registry.npmjs.org/bcrypt
50 verbose addNameTag registry:https://registry.npmjs.org/bcrypt not in flight; fetching
51 verbose get https://registry.npmjs.org/bcrypt not expired, no request
52 silly addNameTag next cb for bcrypt with tag latest
53 silly addNamed bcrypt@0.8.7
54 verbose addNamed "0.8.7" is a plain semver version for bcrypt
55 silly mapToRegistry name bcrypt
56 silly mapToRegistry using default registry
57 silly mapToRegistry registry https://registry.npmjs.org/
58 silly mapToRegistry data Result {
58 silly mapToRegistry   raw: 'bcrypt',
58 silly mapToRegistry   scope: null,
58 silly mapToRegistry   escapedName: 'bcrypt',
58 silly mapToRegistry   name: 'bcrypt',
58 silly mapToRegistry   rawSpec: '',
58 silly mapToRegistry   spec: 'latest',
58 silly mapToRegistry   type: 'tag' }
59 silly mapToRegistry uri https://registry.npmjs.org/bcrypt
60 verbose addRemoteTarball https://registry.npmjs.org/bcrypt/-/bcrypt-0.8.7.tgz not in flight; adding
61 verbose addRemoteTarball [ 'https://registry.npmjs.org/bcrypt/-/bcrypt-0.8.7.tgz',
61 verbose addRemoteTarball   'bc3875a9afd0a7b2cd231a6a7f218a5ce156b093' ]
62 info retry fetch attempt 1 at 4:53:25 PM
63 info attempt registry request try #1 at 4:53:26 PM
64 http fetch GET https://registry.npmjs.org/bcrypt/-/bcrypt-0.8.7.tgz
65 http fetch 200 https://registry.npmjs.org/bcrypt/-/bcrypt-0.8.7.tgz
66 silly fetchAndShaCheck shasum bc3875a9afd0a7b2cd231a6a7f218a5ce156b093
67 verbose addTmpTarball C:\Users\jose\AppData\Local\Temp\npm-8428-aa3016b9\registry.npmjs.org\bcrypt\-\bcrypt-0.8.7.tgz not in flight; adding
68 verbose addTmpTarball already have metadata; skipping unpack for bcrypt@0.8.7
69 verbose correctMkdir C:\Users\jose\AppData\Roaming\npm-cache correctMkdir not in flight; initializing
70 silly cache afterAdd bcrypt@0.8.7
71 verbose afterAdd C:\Users\jose\AppData\Roaming\npm-cache\bcrypt\0.8.7\package\package.json not in flight; writing
72 verbose correctMkdir C:\Users\jose\AppData\Roaming\npm-cache correctMkdir not in flight; initializing
73 verbose afterAdd C:\Users\jose\AppData\Roaming\npm-cache\bcrypt\0.8.7\package\package.json written
74 silly fetchNamedPackageData bindings
75 silly mapToRegistry name bindings
76 silly mapToRegistry using default registry
77 silly mapToRegistry registry https://registry.npmjs.org/
78 silly mapToRegistry data Result {
78 silly mapToRegistry   raw: 'bindings',
78 silly mapToRegistry   scope: null,
78 silly mapToRegistry   escapedName: 'bindings',
78 silly mapToRegistry   name: 'bindings',
78 silly mapToRegistry   rawSpec: '',
78 silly mapToRegistry   spec: 'latest',
78 silly mapToRegistry   type: 'tag' }
79 silly mapToRegistry uri https://registry.npmjs.org/bindings
80 silly fetchNamedPackageData nan
81 silly mapToRegistry name nan
82 silly mapToRegistry using default registry
83 silly mapToRegistry registry https://registry.npmjs.org/
84 silly mapToRegistry data Result {
84 silly mapToRegistry   raw: 'nan',
84 silly mapToRegistry   scope: null,
84 silly mapToRegistry   escapedName: 'nan',
84 silly mapToRegistry   name: 'nan',
84 silly mapToRegistry   rawSpec: '',
84 silly mapToRegistry   spec: 'latest',
84 silly mapToRegistry   type: 'tag' }
85 silly mapToRegistry uri https://registry.npmjs.org/nan
86 verbose request uri https://registry.npmjs.org/bindings
87 verbose request no auth needed
88 info attempt registry request try #1 at 4:53:26 PM
89 http request GET https://registry.npmjs.org/bindings
90 verbose request uri https://registry.npmjs.org/nan
91 verbose request no auth needed
92 info attempt registry request try #1 at 4:53:26 PM
93 http request GET https://registry.npmjs.org/nan
94 http 200 https://registry.npmjs.org/bindings
95 verbose headers { server: 'CouchDB/1.5.0 (Erlang OTP/R16B03)',
95 verbose headers   etag: '"8QW29MHCPCE6VJCVI3QVXRJAQ"',
95 verbose headers   'content-type': 'application/json',
95 verbose headers   'content-encoding': 'gzip',
95 verbose headers   'cache-control': 'max-age=300',
95 verbose headers   'content-length': '3832',
95 verbose headers   'accept-ranges': 'bytes',
95 verbose headers   date: 'Sun, 23 Oct 2016 21:53:28 GMT',
95 verbose headers   via: '1.1 varnish',
95 verbose headers   age: '179',
95 verbose headers   connection: 'keep-alive',
95 verbose headers   'x-served-by': 'cache-dfw1823-DFW',
95 verbose headers   'x-cache': 'HIT',
95 verbose headers   'x-cache-hits': '2',
95 verbose headers   'x-timer': 'S1477259608.651485,VS0,VE0',
95 verbose headers   vary: 'Accept-Encoding' }
96 silly get cb [ 200,
96 silly get   { server: 'CouchDB/1.5.0 (Erlang OTP/R16B03)',
96 silly get     etag: '"8QW29MHCPCE6VJCVI3QVXRJAQ"',
96 silly get     'content-type': 'application/json',
96 silly get     'content-encoding': 'gzip',
96 silly get     'cache-control': 'max-age=300',
96 silly get     'content-length': '3832',
96 silly get     'accept-ranges': 'bytes',
96 silly get     date: 'Sun, 23 Oct 2016 21:53:28 GMT',
96 silly get     via: '1.1 varnish',
96 silly get     age: '179',
96 silly get     connection: 'keep-alive',
96 silly get     'x-served-by': 'cache-dfw1823-DFW',
96 silly get     'x-cache': 'HIT',
96 silly get     'x-cache-hits': '2',
96 silly get     'x-timer': 'S1477259608.651485,VS0,VE0',
96 silly get     vary: 'Accept-Encoding' } ]
97 verbose get saving bindings to C:\Users\jose\AppData\Roaming\npm-cache\registry.npmjs.org\bindings\.cache.json
98 verbose correctMkdir C:\Users\jose\AppData\Roaming\npm-cache correctMkdir not in flight; initializing
99 silly resolveWithNewModule bindings@1.2.1 checking installable status
100 silly cache add args [ 'bindings@1.2.1', null ]
101 verbose cache add spec bindings@1.2.1
102 silly cache add parsed spec Result {
102 silly cache add   raw: 'bindings@1.2.1',
102 silly cache add   scope: null,
102 silly cache add   escapedName: 'bindings',
102 silly cache add   name: 'bindings',
102 silly cache add   rawSpec: '1.2.1',
102 silly cache add   spec: '1.2.1',
102 silly cache add   type: 'version' }
103 silly addNamed bindings@1.2.1
104 verbose addNamed "1.2.1" is a plain semver version for bindings
105 silly mapToRegistry name bindings
106 silly mapToRegistry using default registry
107 silly mapToRegistry registry https://registry.npmjs.org/
108 silly mapToRegistry data Result {
108 silly mapToRegistry   raw: 'bindings',
108 silly mapToRegistry   scope: null,
108 silly mapToRegistry   escapedName: 'bindings',
108 silly mapToRegistry   name: 'bindings',
108 silly mapToRegistry   rawSpec: '',
108 silly mapToRegistry   spec: 'latest',
108 silly mapToRegistry   type: 'tag' }
109 silly mapToRegistry uri https://registry.npmjs.org/bindings
110 verbose addNameVersion registry:https://registry.npmjs.org/bindings not in flight; fetching
111 verbose get https://registry.npmjs.org/bindings not expired, no request
112 silly mapToRegistry name bindings
113 silly mapToRegistry using default registry
114 silly mapToRegistry registry https://registry.npmjs.org/
115 silly mapToRegistry data Result {
115 silly mapToRegistry   raw: 'bindings',
115 silly mapToRegistry   scope: null,
115 silly mapToRegistry   escapedName: 'bindings',
115 silly mapToRegistry   name: 'bindings',
115 silly mapToRegistry   rawSpec: '',
115 silly mapToRegistry   spec: 'latest',
115 silly mapToRegistry   type: 'tag' }
116 silly mapToRegistry uri https://registry.npmjs.org/bindings
117 verbose addRemoteTarball https://registry.npmjs.org/bindings/-/bindings-1.2.1.tgz not in flight; adding
118 verbose addRemoteTarball [ 'https://registry.npmjs.org/bindings/-/bindings-1.2.1.tgz',
118 verbose addRemoteTarball   '14ad6113812d2d37d72e67b4cacb4bb726505f11' ]
119 info retry fetch attempt 1 at 4:53:27 PM
120 info attempt registry request try #1 at 4:53:27 PM
121 http fetch GET https://registry.npmjs.org/bindings/-/bindings-1.2.1.tgz
122 http 200 https://registry.npmjs.org/nan
123 verbose headers { server: 'CouchDB/1.5.0 (Erlang OTP/R16B03)',
123 verbose headers   etag: '"2QXFPVXUU9DUUTAACVV4FOU2Z"',
123 verbose headers   'content-type': 'application/json',
123 verbose headers   'content-encoding': 'gzip',
123 verbose headers   'cache-control': 'max-age=300',
123 verbose headers   'content-length': '17179',
123 verbose headers   'accept-ranges': 'bytes',
123 verbose headers   date: 'Sun, 23 Oct 2016 21:53:28 GMT',
123 verbose headers   via: '1.1 varnish',
123 verbose headers   age: '63',
123 verbose headers   connection: 'keep-alive',
123 verbose headers   'x-served-by': 'cache-dfw1828-DFW',
123 verbose headers   'x-cache': 'HIT',
123 verbose headers   'x-cache-hits': '3',
123 verbose headers   'x-timer': 'S1477259608.773411,VS0,VE0',
123 verbose headers   vary: 'Accept-Encoding' }
124 silly get cb [ 200,
124 silly get   { server: 'CouchDB/1.5.0 (Erlang OTP/R16B03)',
124 silly get     etag: '"2QXFPVXUU9DUUTAACVV4FOU2Z"',
124 silly get     'content-type': 'application/json',
124 silly get     'content-encoding': 'gzip',
124 silly get     'cache-control': 'max-age=300',
124 silly get     'content-length': '17179',
124 silly get     'accept-ranges': 'bytes',
124 silly get     date: 'Sun, 23 Oct 2016 21:53:28 GMT',
124 silly get     via: '1.1 varnish',
124 silly get     age: '63',
124 silly get     connection: 'keep-alive',
124 silly get     'x-served-by': 'cache-dfw1828-DFW',
124 silly get     'x-cache': 'HIT',
124 silly get     'x-cache-hits': '3',
124 silly get     'x-timer': 'S1477259608.773411,VS0,VE0',
124 silly get     vary: 'Accept-Encoding' } ]
125 verbose get saving nan to C:\Users\jose\AppData\Roaming\npm-cache\registry.npmjs.org\nan\.cache.json
126 verbose correctMkdir C:\Users\jose\AppData\Roaming\npm-cache correctMkdir not in flight; initializing
127 http fetch 200 https://registry.npmjs.org/bindings/-/bindings-1.2.1.tgz
128 silly fetchAndShaCheck shasum 14ad6113812d2d37d72e67b4cacb4bb726505f11
129 verbose addTmpTarball C:\Users\jose\AppData\Local\Temp\npm-8428-aa3016b9\registry.npmjs.org\bindings\-\bindings-1.2.1.tgz not in flight; adding
130 verbose addTmpTarball already have metadata; skipping unpack for bindings@1.2.1
131 verbose correctMkdir C:\Users\jose\AppData\Roaming\npm-cache correctMkdir not in flight; initializing
132 silly resolveWithNewModule nan@2.3.5 checking installable status
133 silly cache add args [ 'nan@2.3.5', null ]
134 verbose cache add spec nan@2.3.5
135 silly cache add parsed spec Result {
135 silly cache add   raw: 'nan@2.3.5',
135 silly cache add   scope: null,
135 silly cache add   escapedName: 'nan',
135 silly cache add   name: 'nan',
135 silly cache add   rawSpec: '2.3.5',
135 silly cache add   spec: '2.3.5',
135 silly cache add   type: 'version' }
136 silly addNamed nan@2.3.5
137 verbose addNamed "2.3.5" is a plain semver version for nan
138 silly mapToRegistry name nan
139 silly mapToRegistry using default registry
140 silly mapToRegistry registry https://registry.npmjs.org/
141 silly mapToRegistry data Result {
141 silly mapToRegistry   raw: 'nan',
141 silly mapToRegistry   scope: null,
141 silly mapToRegistry   escapedName: 'nan',
141 silly mapToRegistry   name: 'nan',
141 silly mapToRegistry   rawSpec: '',
141 silly mapToRegistry   spec: 'latest',
141 silly mapToRegistry   type: 'tag' }
142 silly mapToRegistry uri https://registry.npmjs.org/nan
143 verbose addNameVersion registry:https://registry.npmjs.org/nan not in flight; fetching
144 verbose get https://registry.npmjs.org/nan not expired, no request
145 silly mapToRegistry name nan
146 silly mapToRegistry using default registry
147 silly mapToRegistry registry https://registry.npmjs.org/
148 silly mapToRegistry data Result {
148 silly mapToRegistry   raw: 'nan',
148 silly mapToRegistry   scope: null,
148 silly mapToRegistry   escapedName: 'nan',
148 silly mapToRegistry   name: 'nan',
148 silly mapToRegistry   rawSpec: '',
148 silly mapToRegistry   spec: 'latest',
148 silly mapToRegistry   type: 'tag' }
149 silly mapToRegistry uri https://registry.npmjs.org/nan
150 verbose addRemoteTarball https://registry.npmjs.org/nan/-/nan-2.3.5.tgz not in flight; adding
151 verbose addRemoteTarball [ 'https://registry.npmjs.org/nan/-/nan-2.3.5.tgz',
151 verbose addRemoteTarball   '822a0dc266290ce4cd3a12282ca3e7e364668a08' ]
152 info retry fetch attempt 1 at 4:53:27 PM
153 info attempt registry request try #1 at 4:53:27 PM
154 http fetch GET https://registry.npmjs.org/nan/-/nan-2.3.5.tgz
155 silly cache afterAdd bindings@1.2.1
156 verbose afterAdd C:\Users\jose\AppData\Roaming\npm-cache\bindings\1.2.1\package\package.json not in flight; writing
157 verbose correctMkdir C:\Users\jose\AppData\Roaming\npm-cache correctMkdir not in flight; initializing
158 http fetch 200 https://registry.npmjs.org/nan/-/nan-2.3.5.tgz
159 verbose afterAdd C:\Users\jose\AppData\Roaming\npm-cache\bindings\1.2.1\package\package.json written
160 silly fetchAndShaCheck shasum 822a0dc266290ce4cd3a12282ca3e7e364668a08
161 verbose addTmpTarball C:\Users\jose\AppData\Local\Temp\npm-8428-aa3016b9\registry.npmjs.org\nan\-\nan-2.3.5.tgz not in flight; adding
162 verbose addTmpTarball already have metadata; skipping unpack for nan@2.3.5
163 verbose correctMkdir C:\Users\jose\AppData\Roaming\npm-cache correctMkdir not in flight; initializing
164 silly cache afterAdd nan@2.3.5
165 verbose afterAdd C:\Users\jose\AppData\Roaming\npm-cache\nan\2.3.5\package\package.json not in flight; writing
166 verbose correctMkdir C:\Users\jose\AppData\Roaming\npm-cache correctMkdir not in flight; initializing
167 verbose afterAdd C:\Users\jose\AppData\Roaming\npm-cache\nan\2.3.5\package\package.json written
168 silly loadAllDepsIntoIdealTree Finishing
169 silly loadIdealTree Finishing
170 silly currentTree SchoolForum
171 silly idealTree SchoolForum
171 silly idealTree +-- bcrypt@0.8.7
171 silly idealTree +-- bindings@1.2.1
171 silly idealTree `-- nan@2.3.5
172 silly generateActionsToTake Starting
173 silly install generateActionsToTake
174 silly generateActionsToTake Finishing
175 silly diffTrees action count 3
176 silly diffTrees add bindings@1.2.1
177 silly diffTrees add nan@2.3.5
178 silly diffTrees add bcrypt@0.8.7
179 silly decomposeActions action count 24
180 silly decomposeActions fetch bindings@1.2.1
181 silly decomposeActions extract bindings@1.2.1
182 silly decomposeActions test bindings@1.2.1
183 silly decomposeActions preinstall bindings@1.2.1
184 silly decomposeActions build bindings@1.2.1
185 silly decomposeActions install bindings@1.2.1
186 silly decomposeActions postinstall bindings@1.2.1
187 silly decomposeActions finalize bindings@1.2.1
188 silly decomposeActions fetch nan@2.3.5
189 silly decomposeActions extract nan@2.3.5
190 silly decomposeActions test nan@2.3.5
191 silly decomposeActions preinstall nan@2.3.5
192 silly decomposeActions build nan@2.3.5
193 silly decomposeActions install nan@2.3.5
194 silly decomposeActions postinstall nan@2.3.5
195 silly decomposeActions finalize nan@2.3.5
196 silly decomposeActions fetch bcrypt@0.8.7
197 silly decomposeActions extract bcrypt@0.8.7
198 silly decomposeActions test bcrypt@0.8.7
199 silly decomposeActions preinstall bcrypt@0.8.7
200 silly decomposeActions build bcrypt@0.8.7
201 silly decomposeActions install bcrypt@0.8.7
202 silly decomposeActions postinstall bcrypt@0.8.7
203 silly decomposeActions finalize bcrypt@0.8.7
204 silly runTopLevelLifecycles Starting
205 silly executeActions Starting
206 silly install executeActions
207 silly doSerial global-install 0
208 silly doParallel fetch 3
209 verbose correctMkdir C:\Users\jose\AppData\Roaming\npm-cache\_locks correctMkdir not in flight; initializing
210 verbose makeDirectory C:\Users\jose\AppData\Roaming\npm-cache\_locks creation not in flight; initializing
211 verbose makeCacheDir UID & GID are irrelevant on win32
212 verbose lock using C:\Users\jose\AppData\Roaming\npm-cache\_locks\staging-2e9801944436e2b6.lock for C:\Users\jose\Downloads\Favorites\Downloads\web-british\curso_6\proyect\SchoolForum\node_modules\.staging
213 silly doParallel extract 3
214 silly extract bindings@1.2.1
215 silly extract nan@2.3.5
216 silly extract bcrypt@0.8.7
217 verbose unbuild node_modules\.staging\bindings-9890a128
218 verbose unbuild node_modules\.staging\bcrypt-1f132aa6
219 verbose unbuild node_modules\.staging\nan-aa4b4d44
220 silly gentlyRm C:\Users\jose\Downloads\Favorites\Downloads\web-british\curso_6\proyect\SchoolForum\node_modules\.staging\bcrypt-1f132aa6 is being purged from base C:\Users\jose\Downloads\Favorites\Downloads\web-british\curso_6\proyect\SchoolForum
221 verbose gentlyRm don't care about contents; nuking C:\Users\jose\Downloads\Favorites\Downloads\web-british\curso_6\proyect\SchoolForum\node_modules\.staging\bcrypt-1f132aa6
222 silly gentlyRm C:\Users\jose\Downloads\Favorites\Downloads\web-british\curso_6\proyect\SchoolForum\node_modules\.staging\bindings-9890a128 is being purged from base C:\Users\jose\Downloads\Favorites\Downloads\web-british\curso_6\proyect\SchoolForum
223 verbose gentlyRm don't care about contents; nuking C:\Users\jose\Downloads\Favorites\Downloads\web-british\curso_6\proyect\SchoolForum\node_modules\.staging\bindings-9890a128
224 silly gentlyRm C:\Users\jose\Downloads\Favorites\Downloads\web-british\curso_6\proyect\SchoolForum\node_modules\.staging\nan-aa4b4d44 is being purged from base C:\Users\jose\Downloads\Favorites\Downloads\web-british\curso_6\proyect\SchoolForum
225 verbose gentlyRm don't care about contents; nuking C:\Users\jose\Downloads\Favorites\Downloads\web-british\curso_6\proyect\SchoolForum\node_modules\.staging\nan-aa4b4d44
226 verbose tar unpack C:\Users\jose\AppData\Roaming\npm-cache\bcrypt\0.8.7\package.tgz
227 verbose tar unpacking to C:\Users\jose\Downloads\Favorites\Downloads\web-british\curso_6\proyect\SchoolForum\node_modules\.staging\bcrypt-1f132aa6
228 silly gentlyRm C:\Users\jose\Downloads\Favorites\Downloads\web-british\curso_6\proyect\SchoolForum\node_modules\.staging\bcrypt-1f132aa6 is being purged
229 verbose gentlyRm don't care about contents; nuking C:\Users\jose\Downloads\Favorites\Downloads\web-british\curso_6\proyect\SchoolForum\node_modules\.staging\bcrypt-1f132aa6
230 verbose tar unpack C:\Users\jose\AppData\Roaming\npm-cache\bindings\1.2.1\package.tgz
231 verbose tar unpacking to C:\Users\jose\Downloads\Favorites\Downloads\web-british\curso_6\proyect\SchoolForum\node_modules\.staging\bindings-9890a128
232 silly gentlyRm C:\Users\jose\Downloads\Favorites\Downloads\web-british\curso_6\proyect\SchoolForum\node_modules\.staging\bindings-9890a128 is being purged
233 verbose gentlyRm don't care about contents; nuking C:\Users\jose\Downloads\Favorites\Downloads\web-british\curso_6\proyect\SchoolForum\node_modules\.staging\bindings-9890a128
234 verbose tar unpack C:\Users\jose\AppData\Roaming\npm-cache\nan\2.3.5\package.tgz
235 verbose tar unpacking to C:\Users\jose\Downloads\Favorites\Downloads\web-british\curso_6\proyect\SchoolForum\node_modules\.staging\nan-aa4b4d44
236 silly gentlyRm C:\Users\jose\Downloads\Favorites\Downloads\web-british\curso_6\proyect\SchoolForum\node_modules\.staging\nan-aa4b4d44 is being purged
237 verbose gentlyRm don't care about contents; nuking C:\Users\jose\Downloads\Favorites\Downloads\web-british\curso_6\proyect\SchoolForum\node_modules\.staging\nan-aa4b4d44
238 silly gunzTarPerm modes [ '777', '666' ]
239 silly gunzTarPerm modes [ '777', '666' ]
240 silly gunzTarPerm modes [ '777', '666' ]
241 silly gunzTarPerm extractEntry package.json
242 silly gunzTarPerm modified mode [ 'package.json', 420, 438 ]
243 silly gunzTarPerm extractEntry package.json
244 silly gunzTarPerm modified mode [ 'package.json', 420, 438 ]
245 silly gunzTarPerm extractEntry package.json
246 silly gunzTarPerm modified mode [ 'package.json', 436, 438 ]
247 silly gunzTarPerm extractEntry .npmignore
248 silly gunzTarPerm modified mode [ '.npmignore', 420, 438 ]
249 silly gunzTarPerm extractEntry README.md
250 silly gunzTarPerm modified mode [ 'README.md', 420, 438 ]
251 silly gunzTarPerm extractEntry README.md
252 silly gunzTarPerm modified mode [ 'README.md', 420, 438 ]
253 silly gunzTarPerm extractEntry bindings.js
254 silly gunzTarPerm modified mode [ 'bindings.js', 420, 438 ]
255 silly gunzTarPerm extractEntry README.md
256 silly gunzTarPerm modified mode [ 'README.md', 436, 438 ]
257 silly gunzTarPerm extractEntry include_dirs.js
258 silly gunzTarPerm modified mode [ 'include_dirs.js', 436, 438 ]
259 silly gunzTarPerm extractEntry LICENSE
260 silly gunzTarPerm modified mode [ 'LICENSE', 420, 438 ]
261 silly gunzTarPerm extractEntry bcrypt.js
262 silly gunzTarPerm modified mode [ 'bcrypt.js', 420, 438 ]
263 silly gunzTarPerm extractEntry Makefile
264 silly gunzTarPerm modified mode [ 'Makefile', 420, 438 ]
265 silly gunzTarPerm extractEntry .travis.yml
266 silly gunzTarPerm modified mode [ '.travis.yml', 420, 438 ]
267 silly gunzTarPerm extractEntry CHANGELOG.md
268 silly gunzTarPerm modified mode [ 'CHANGELOG.md', 420, 438 ]
269 silly gunzTarPerm extractEntry binding.gyp
270 silly gunzTarPerm modified mode [ 'binding.gyp', 420, 438 ]
271 silly gunzTarPerm extractEntry examples/async_compare.js
272 silly gunzTarPerm modified mode [ 'examples/async_compare.js', 420, 438 ]
273 silly gunzTarPerm extractEntry examples/forever_gen_salt.js
274 silly gunzTarPerm modified mode [ 'examples/forever_gen_salt.js', 420, 438 ]
275 silly gunzTarPerm extractEntry test/async.js
276 silly gunzTarPerm modified mode [ 'test/async.js', 420, 438 ]
277 silly gunzTarPerm extractEntry test/repetitions.js
278 silly gunzTarPerm modified mode [ 'test/repetitions.js', 420, 438 ]
279 silly gunzTarPerm extractEntry test/sync.js
280 silly gunzTarPerm modified mode [ 'test/sync.js', 420, 438 ]
281 silly gunzTarPerm extractEntry ISSUE_TEMPLATE.md
282 silly gunzTarPerm modified mode [ 'ISSUE_TEMPLATE.md', 420, 438 ]
283 silly gunzTarPerm extractEntry src/bcrypt.cc
284 silly gunzTarPerm modified mode [ 'src/bcrypt.cc', 420, 438 ]
285 silly gunzTarPerm extractEntry src/bcrypt_node.cc
286 silly gunzTarPerm modified mode [ 'src/bcrypt_node.cc', 420, 438 ]
287 silly gunzTarPerm extractEntry src/blowfish.cc
288 silly gunzTarPerm modified mode [ 'src/blowfish.cc', 420, 438 ]
289 silly gunzTarPerm extractEntry src/node_blf.h
290 silly gunzTarPerm modified mode [ 'src/node_blf.h', 420, 438 ]
291 silly gunzTarPerm extractEntry werker.yml
292 silly gunzTarPerm modified mode [ 'werker.yml', 420, 438 ]
293 silly gunzTarPerm extractEntry nan_converters.h
294 silly gunzTarPerm modified mode [ 'nan_converters.h', 436, 438 ]
295 silly gunzTarPerm extractEntry LICENSE.md
296 silly gunzTarPerm modified mode [ 'LICENSE.md', 436, 438 ]
297 silly gunzTarPerm extractEntry doc/node_misc.md
298 silly gunzTarPerm modified mode [ 'doc/node_misc.md', 436, 438 ]
299 silly gunzTarPerm extractEntry doc/asyncworker.md
300 silly gunzTarPerm modified mode [ 'doc/asyncworker.md', 436, 438 ]
301 silly gunzTarPerm extractEntry doc/callback.md
302 silly gunzTarPerm modified mode [ 'doc/callback.md', 436, 438 ]
303 silly gunzTarPerm extractEntry doc/converters.md
304 silly gunzTarPerm modified mode [ 'doc/converters.md', 436, 438 ]
305 silly gunzTarPerm extractEntry doc/errors.md
306 silly gunzTarPerm modified mode [ 'doc/errors.md', 436, 438 ]
307 silly gunzTarPerm extractEntry doc/maybe_types.md
308 silly gunzTarPerm modified mode [ 'doc/maybe_types.md', 436, 438 ]
309 silly gunzTarPerm extractEntry doc/methods.md
310 silly gunzTarPerm modified mode [ 'doc/methods.md', 436, 438 ]
311 silly gunzTarPerm extractEntry doc/new.md
312 silly gunzTarPerm modified mode [ 'doc/new.md', 436, 438 ]
313 silly gentlyRm C:\Users\jose\Downloads\Favorites\Downloads\web-british\curso_6\proyect\SchoolForum\node_modules\.staging\bindings-9890a128\node_modules is being purged
314 verbose gentlyRm don't care about contents; nuking C:\Users\jose\Downloads\Favorites\Downloads\web-british\curso_6\proyect\SchoolForum\node_modules\.staging\bindings-9890a128\node_modules
315 silly gunzTarPerm extractEntry doc/buffers.md
316 silly gunzTarPerm modified mode [ 'doc/buffers.md', 436, 438 ]
317 silly gunzTarPerm extractEntry doc/object_wrappers.md
318 silly gunzTarPerm modified mode [ 'doc/object_wrappers.md', 436, 438 ]
319 silly gunzTarPerm extractEntry doc/persistent.md
320 silly gunzTarPerm modified mode [ 'doc/persistent.md', 436, 438 ]
321 silly gunzTarPerm extractEntry doc/scopes.md
322 silly gunzTarPerm modified mode [ 'doc/scopes.md', 436, 438 ]
323 silly gunzTarPerm extractEntry doc/script.md
324 silly gunzTarPerm modified mode [ 'doc/script.md', 436, 438 ]
325 silly gunzTarPerm extractEntry doc/string_bytes.md
326 silly gunzTarPerm modified mode [ 'doc/string_bytes.md', 436, 438 ]
327 silly gunzTarPerm extractEntry doc/v8_internals.md
328 silly gunzTarPerm modified mode [ 'doc/v8_internals.md', 436, 438 ]
329 silly gunzTarPerm extractEntry doc/v8_misc.md
330 silly gunzTarPerm modified mode [ 'doc/v8_misc.md', 436, 438 ]
331 silly gunzTarPerm extractEntry nan.h
332 silly gunzTarPerm modified mode [ 'nan.h', 436, 438 ]
333 silly gunzTarPerm extractEntry nan_callbacks.h
334 silly gunzTarPerm modified mode [ 'nan_callbacks.h', 436, 438 ]
335 silly gunzTarPerm extractEntry nan_callbacks_12_inl.h
336 silly gunzTarPerm modified mode [ 'nan_callbacks_12_inl.h', 436, 438 ]
337 silly gunzTarPerm extractEntry nan_callbacks_pre_12_inl.h
338 silly gunzTarPerm modified mode [ 'nan_callbacks_pre_12_inl.h', 436, 438 ]
339 silly gunzTarPerm extractEntry nan_converters_43_inl.h
340 silly gunzTarPerm modified mode [ 'nan_converters_43_inl.h', 436, 438 ]
341 silly gunzTarPerm extractEntry nan_converters_pre_43_inl.h
342 silly gunzTarPerm modified mode [ 'nan_converters_pre_43_inl.h', 436, 438 ]
343 silly gunzTarPerm extractEntry nan_implementation_12_inl.h
344 silly gunzTarPerm modified mode [ 'nan_implementation_12_inl.h', 436, 438 ]
345 silly gunzTarPerm extractEntry nan_implementation_pre_12_inl.h
346 silly gunzTarPerm modified mode [ 'nan_implementation_pre_12_inl.h', 436, 438 ]
347 silly gunzTarPerm extractEntry nan_maybe_43_inl.h
348 silly gunzTarPerm modified mode [ 'nan_maybe_43_inl.h', 436, 438 ]
349 silly gunzTarPerm extractEntry nan_maybe_pre_43_inl.h
350 silly gunzTarPerm modified mode [ 'nan_maybe_pre_43_inl.h', 436, 438 ]
351 silly gunzTarPerm extractEntry nan_new.h
352 silly gunzTarPerm modified mode [ 'nan_new.h', 436, 438 ]
353 silly gunzTarPerm extractEntry nan_object_wrap.h
354 silly gunzTarPerm modified mode [ 'nan_object_wrap.h', 436, 438 ]
355 silly gunzTarPerm extractEntry nan_persistent_12_inl.h
356 silly gunzTarPerm modified mode [ 'nan_persistent_12_inl.h', 436, 438 ]
357 silly gunzTarPerm extractEntry nan_persistent_pre_12_inl.h
358 silly gunzTarPerm modified mode [ 'nan_persistent_pre_12_inl.h', 436, 438 ]
359 silly gunzTarPerm extractEntry nan_string_bytes.h
360 silly gunzTarPerm modified mode [ 'nan_string_bytes.h', 436, 438 ]
361 silly gunzTarPerm extractEntry nan_typedarray_contents.h
362 silly gunzTarPerm modified mode [ 'nan_typedarray_contents.h', 436, 438 ]
363 silly gunzTarPerm extractEntry nan_weak.h
364 silly gunzTarPerm modified mode [ 'nan_weak.h', 436, 438 ]
365 silly gunzTarPerm extractEntry CHANGELOG.md
366 silly gunzTarPerm modified mode [ 'CHANGELOG.md', 436, 438 ]
367 silly gunzTarPerm extractEntry tools/package.json
368 silly gunzTarPerm modified mode [ 'tools/package.json', 436, 438 ]
369 silly gunzTarPerm extractEntry tools/README.md
370 silly gunzTarPerm modified mode [ 'tools/README.md', 436, 438 ]
371 silly gunzTarPerm extractEntry tools/1to2.js
372 silly gunzTarPerm modified mode [ 'tools/1to2.js', 509, 511 ]
373 silly gentlyRm C:\Users\jose\Downloads\Favorites\Downloads\web-british\curso_6\proyect\SchoolForum\node_modules\.staging\bcrypt-1f132aa6\node_modules is being purged
374 verbose gentlyRm don't care about contents; nuking C:\Users\jose\Downloads\Favorites\Downloads\web-british\curso_6\proyect\SchoolForum\node_modules\.staging\bcrypt-1f132aa6\node_modules
375 silly gentlyRm C:\Users\jose\Downloads\Favorites\Downloads\web-british\curso_6\proyect\SchoolForum\node_modules\.staging\nan-aa4b4d44\node_modules is being purged
376 verbose gentlyRm don't care about contents; nuking C:\Users\jose\Downloads\Favorites\Downloads\web-british\curso_6\proyect\SchoolForum\node_modules\.staging\nan-aa4b4d44\node_modules
377 silly doParallel preinstall 3
378 silly preinstall bindings@1.2.1 C:\Users\jose\Downloads\Favorites\Downloads\web-british\curso_6\proyect\SchoolForum\node_modules\.staging\bindings-9890a128
379 info lifecycle bindings@1.2.1~preinstall: bindings@1.2.1
380 silly preinstall nan@2.3.5 C:\Users\jose\Downloads\Favorites\Downloads\web-british\curso_6\proyect\SchoolForum\node_modules\.staging\nan-aa4b4d44
381 info lifecycle nan@2.3.5~preinstall: nan@2.3.5
382 silly preinstall bcrypt@0.8.7 C:\Users\jose\Downloads\Favorites\Downloads\web-british\curso_6\proyect\SchoolForum\node_modules\.staging\bcrypt-1f132aa6
383 info lifecycle bcrypt@0.8.7~preinstall: bcrypt@0.8.7
384 silly lifecycle bindings@1.2.1~preinstall: no script for preinstall, continuing
385 silly lifecycle nan@2.3.5~preinstall: no script for preinstall, continuing
386 silly lifecycle bcrypt@0.8.7~preinstall: no script for preinstall, continuing
387 silly doReverseSerial remove 0
388 silly doSerial move 0
389 silly doSerial finalize 3
390 silly finalize C:\Users\jose\Downloads\Favorites\Downloads\web-british\curso_6\proyect\SchoolForum\node_modules\bindings
391 silly finalize C:\Users\jose\Downloads\Favorites\Downloads\web-british\curso_6\proyect\SchoolForum\node_modules\nan
392 silly finalize C:\Users\jose\Downloads\Favorites\Downloads\web-british\curso_6\proyect\SchoolForum\node_modules\bcrypt
393 silly doSerial build 3
394 silly build bindings@1.2.1
395 info linkStuff bindings@1.2.1
396 silly linkStuff bindings@1.2.1 has C:\Users\jose\Downloads\Favorites\Downloads\web-british\curso_6\proyect\SchoolForum\node_modules as its parent node_modules
397 verbose linkBins bindings@1.2.1
398 verbose linkMans bindings@1.2.1
399 silly build nan@2.3.5
400 info linkStuff nan@2.3.5
401 silly linkStuff nan@2.3.5 has C:\Users\jose\Downloads\Favorites\Downloads\web-british\curso_6\proyect\SchoolForum\node_modules as its parent node_modules
402 verbose linkBins nan@2.3.5
403 verbose linkMans nan@2.3.5
404 silly build bcrypt@0.8.7
405 info linkStuff bcrypt@0.8.7
406 silly linkStuff bcrypt@0.8.7 has C:\Users\jose\Downloads\Favorites\Downloads\web-british\curso_6\proyect\SchoolForum\node_modules as its parent node_modules
407 verbose linkBins bcrypt@0.8.7
408 verbose linkMans bcrypt@0.8.7
409 silly doSerial global-link 0
410 silly doParallel update-linked 0
411 silly doSerial install 3
412 silly install bindings@1.2.1 C:\Users\jose\Downloads\Favorites\Downloads\web-british\curso_6\proyect\SchoolForum\node_modules\.staging\bindings-9890a128
413 info lifecycle bindings@1.2.1~install: bindings@1.2.1
414 silly lifecycle bindings@1.2.1~install: no script for install, continuing
415 silly install nan@2.3.5 C:\Users\jose\Downloads\Favorites\Downloads\web-british\curso_6\proyect\SchoolForum\node_modules\.staging\nan-aa4b4d44
416 info lifecycle nan@2.3.5~install: nan@2.3.5
417 silly lifecycle nan@2.3.5~install: no script for install, continuing
418 silly install bcrypt@0.8.7 C:\Users\jose\Downloads\Favorites\Downloads\web-british\curso_6\proyect\SchoolForum\node_modules\.staging\bcrypt-1f132aa6
419 info lifecycle bcrypt@0.8.7~install: bcrypt@0.8.7
420 verbose lifecycle bcrypt@0.8.7~install: unsafe-perm in lifecycle true
421 verbose lifecycle bcrypt@0.8.7~install: PATH: C:\Users\jose\AppData\Local\.meteor\packages\meteor-tool\1.4.1_3\mt-os.windows.x86_32\dev_bundle\lib\node_modules\npm\bin\node-gyp-bin;C:\Users\jose\Downloads\Favorites\Downloads\web-british\curso_6\proyect\SchoolForum\node_modules\bcrypt\node_modules\.bin;C:\Users\jose\Downloads\Favorites\Downloads\web-british\curso_6\proyect\SchoolForum\node_modules\.bin;C:\Users\jose\AppData\Local\.meteor\packages\meteor-tool\1.4.1_3\mt-os.windows.x86_32\dev_bundle\bin;C:\Users\jose\AppData\Local\.meteor\packages\meteor-tool\1.4.1_3\mt-os.windows.x86_32\dev_bundle\lib\node_modules\.bin;C:\ProgramData\Oracle\Java\javapath;C:\Python33\;C:\Program Files\Common Files\Microsoft Shared\Windows Live;C:\Program Files (x86)\Common Files\Microsoft Shared\Windows Live;C:\Windows\system32;C:\Windows;C:\Windows\System32\Wbem;C:\Windows\System32\WindowsPowerShell\v1.0\;c:\Program Files (x86)\Common Files\Roxio Shared\DLLShared\;c:\Program Files (x86)\Common Files\Roxio Shared\DLLShared\;c:\Program Files (x86)\Common Files\Roxio Shared\12.0\DLLShared\;C:\Program Files (x86)\Windows Live\Shared;C:\Program Files (x86)\QuickTime\QTSystem\;C:\Program Files (x86)\Xuggle\bin;C:\Program Files (x86)\Silk\SilkTest;C:\Program Files (x86)\Silk\SilkTest\ng\gui;C:\HashiCorp\Vagrant\bin;C:\Users\jose\Anaconda;C:\Users\jose\Anaconda\Scripts;C:\Users\jose\AppData\Local\.meteor\
422 verbose lifecycle bcrypt@0.8.7~install: CWD: C:\Users\jose\Downloads\Favorites\Downloads\web-british\curso_6\proyect\SchoolForum\node_modules\bcrypt
423 silly lifecycle bcrypt@0.8.7~install: Args: [ '/d /s /c', 'node-gyp rebuild' ]
424 silly lifecycle bcrypt@0.8.7~install: Returned: code: 1  signal: null
425 info lifecycle bcrypt@0.8.7~install: Failed to exec install script
426 verbose unlock done using C:\Users\jose\AppData\Roaming\npm-cache\_locks\staging-2e9801944436e2b6.lock for C:\Users\jose\Downloads\Favorites\Downloads\web-british\curso_6\proyect\SchoolForum\node_modules\.staging
427 silly rollbackFailedOptional Starting
428 silly rollbackFailedOptional Finishing
429 silly runTopLevelLifecycles Finishing
430 silly install printInstalled
431 warn enoent ENOENT: no such file or directory, open 'C:\Users\jose\Downloads\Favorites\Downloads\web-british\curso_6\proyect\SchoolForum\package.json'
432 verbose enoent ENOENT: no such file or directory, open 'C:\Users\jose\Downloads\Favorites\Downloads\web-british\curso_6\proyect\SchoolForum\package.json'
432 verbose enoent This is most likely not a problem with npm itself
432 verbose enoent and is related to npm not being able to find a file.
433 warn SchoolForum No description
434 verbose If you need help, you may report this error at:
434 verbose     <https://github.com/npm/npm/issues>
435 warn SchoolForum No repository field.
436 verbose If you need help, you may report this error at:
436 verbose     <https://github.com/npm/npm/issues>
437 warn SchoolForum No README data
438 verbose If you need help, you may report this error at:
438 verbose     <https://github.com/npm/npm/issues>
439 warn SchoolForum No license field.
440 verbose If you need help, you may report this error at:
440 verbose     <https://github.com/npm/npm/issues>
441 verbose stack Error: bcrypt@0.8.7 install: `node-gyp rebuild`
441 verbose stack Exit status 1
441 verbose stack     at EventEmitter.<anonymous> (C:\Users\jose\AppData\Local\.meteor\packages\meteor-tool\1.4.1_3\mt-os.windows.x86_32\dev_bundle\lib\node_modules\npm\lib\utils\lifecycle.js:255:16)
441 verbose stack     at emitTwo (events.js:87:13)
441 verbose stack     at EventEmitter.emit (events.js:172:7)
441 verbose stack     at ChildProcess.<anonymous> (C:\Users\jose\AppData\Local\.meteor\packages\meteor-tool\1.4.1_3\mt-os.windows.x86_32\dev_bundle\lib\node_modules\npm\lib\utils\spawn.js:40:14)
441 verbose stack     at emitTwo (events.js:87:13)
441 verbose stack     at ChildProcess.emit (events.js:172:7)
441 verbose stack     at maybeClose (internal/child_process.js:829:16)
441 verbose stack     at Process.ChildProcess._handle.onexit (internal/child_process.js:211:5)
442 verbose pkgid bcrypt@0.8.7
443 verbose cwd C:\Users\jose\Downloads\Favorites\Downloads\web-british\curso_6\proyect\SchoolForum
444 error Windows_NT 6.1.7601
445 error argv "C:\\Users\\jose\\AppData\\Local\\.meteor\\packages\\meteor-tool\\1.4.1_3\\mt-os.windows.x86_32\\dev_bundle\\bin\\node.exe" "C:\\Users\\jose\\AppData\\Local\\.meteor\\packages\\meteor-tool\\1.4.1_3\\mt-os.windows.x86_32\\dev_bundle\\lib\\node_modules\\npm\\bin\\npm-cli.js" "install" "--save" "bcrypt"
446 error node v4.6.1
447 error npm  v3.10.8
448 error code ELIFECYCLE
449 error bcrypt@0.8.7 install: `node-gyp rebuild`
449 error Exit status 1
450 error Failed at the bcrypt@0.8.7 install script 'node-gyp rebuild'.
450 error Make sure you have the latest version of node.js and npm installed.
450 error If you do, this is most likely a problem with the bcrypt package,
450 error not with npm itself.
450 error Tell the author that this fails on your system:
450 error     node-gyp rebuild
450 error You can get information on how to open an issue for this project with:
450 error     npm bugs bcrypt
450 error Or if that isn't available, you can get their info via:
450 error     npm owner ls bcrypt
450 error There is likely additional logging output above.
451 verbose exit [ 1, true ]
